11:45:28,286  INFO main SearchSteps:<init>:32 - Constructor SearchSteps
11:45:51,099  INFO main SearchSteps:loadMainPage:38 - Loading page
11:45:51,256  INFO main MailSteps:<init>:38 - Constructor MailSteps
11:45:55,867  INFO main SearchSteps:<init>:32 - Constructor SearchSteps
11:46:14,336  INFO main SearchSteps:loadMainPage:38 - Loading page
11:46:14,378  INFO main MailSteps:<init>:38 - Constructor MailSteps
11:46:14,446  INFO main SearchSteps:<init>:32 - Constructor SearchSteps
11:46:32,975  INFO main SearchSteps:loadMainPage:38 - Loading page
11:46:33,018  INFO main MailSteps:<init>:38 - Constructor MailSteps
11:46:33,073  INFO main SearchSteps:<init>:32 - Constructor SearchSteps
11:46:51,515  INFO main SearchSteps:loadMainPage:38 - Loading page
11:46:51,546  INFO main MailSteps:<init>:38 - Constructor MailSteps
11:46:51,612  INFO main SearchSteps:<init>:32 - Constructor SearchSteps
11:49:23,996  INFO main SearchSteps:<init>:32 - Constructor SearchSteps
11:49:44,512  INFO main SearchSteps:loadMainPage:38 - Loading page
11:49:44,710  INFO main MailSteps:<init>:38 - Constructor MailSteps
11:49:46,286  INFO main SearchSteps:<init>:32 - Constructor SearchSteps
12:58:03,507  INFO main SearchSteps:<init>:32 - Constructor SearchSteps
12:58:19,337  INFO main SearchSteps:loadMainPage:38 - Loading page
12:58:19,444  INFO main MailSteps:<init>:38 - Constructor MailSteps
12:58:23,062  INFO main SearchSteps:<init>:32 - Constructor SearchSteps
12:58:27,596  INFO main SearchSteps:loadMainPage:38 - Loading page
12:58:27,627  INFO main MailSteps:<init>:38 - Constructor MailSteps
12:58:27,838  INFO main SearchSteps:<init>:32 - Constructor SearchSteps
12:58:29,259  INFO main SearchSteps:loadMainPage:38 - Loading page
12:58:29,289  INFO main MailSteps:<init>:38 - Constructor MailSteps
12:58:29,475  INFO main SearchSteps:<init>:32 - Constructor SearchSteps
12:58:31,518  INFO main SearchSteps:loadMainPage:38 - Loading page
12:58:31,562  INFO main MailSteps:<init>:38 - Constructor MailSteps
12:58:32,351  INFO main SearchSteps:<init>:32 - Constructor SearchSteps
12:58:34,317  INFO main SearchSteps:loadMainPage:38 - Loading page
12:58:34,692  INFO main MailSteps:<init>:38 - Constructor MailSteps
12:58:34,975  INFO main SearchSteps:<init>:32 - Constructor SearchSteps
12:58:40,866  INFO main SearchSteps:loadMainPage:38 - Loading page
12:58:40,929  INFO main MailSteps:<init>:38 - Constructor MailSteps
12:58:41,092  INFO main SearchSteps:<init>:32 - Constructor SearchSteps
12:58:42,174  INFO main SearchSteps:loadMainPage:38 - Loading page
12:58:42,201  INFO main MailSteps:<init>:38 - Constructor MailSteps
12:58:42,430  INFO main SearchSteps:<init>:32 - Constructor SearchSteps
12:58:45,864  INFO main SearchSteps:loadMainPage:38 - Loading page
12:59:08,026  INFO main SearchSteps:performSearchByData:46 - Search perform
12:59:08,277  INFO main MailSteps:<init>:38 - Constructor MailSteps
12:59:08,780  INFO main SearchSteps:<init>:32 - Constructor SearchSteps
12:59:15,322  INFO main SearchSteps:loadMainPage:38 - Loading page
12:59:19,480  INFO main SearchSteps:followLinkMoyMirTest:58 - Follow link Moy Mir
12:59:19,956  INFO main MailSteps:<init>:38 - Constructor MailSteps
12:59:20,298  INFO main SearchSteps:<init>:32 - Constructor SearchSteps
12:59:21,970  INFO main SearchSteps:loadMainPage:38 - Loading page
12:59:26,268  INFO main SearchSteps:followLinkICQTest:70 - Follow link ICQ
12:59:26,350  INFO main MailSteps:<init>:38 - Constructor MailSteps
12:59:29,754  INFO main MailSteps:<init>:38 - Constructor MailSteps
12:59:29,936  INFO main MailSteps:<init>:38 - Constructor MailSteps
12:59:30,141  INFO main MailSteps:<init>:38 - Constructor MailSteps
12:59:30,340  INFO main MailSteps:<init>:38 - Constructor MailSteps
17:52:13,075  INFO main SearchSteps:<init>:32 - Constructor SearchSteps
17:52:17,731  INFO main SearchSteps:loadMainPage:38 - Loading page
17:52:17,819  INFO main MailSteps:<init>:38 - Constructor MailSteps
17:53:04,958  INFO main MailSteps:loginAsCorrectUser:47 - Login correct
17:53:05,452  INFO main SearchSteps:<init>:32 - Constructor SearchSteps
17:53:07,639  INFO main SearchSteps:loadMainPage:38 - Loading page
17:53:07,669  INFO main MailSteps:<init>:38 - Constructor MailSteps
17:53:10,568  INFO main MailSteps:loginAsCorrectUser:47 - Login correct
17:53:19,422  INFO main SearchSteps:<init>:32 - Constructor SearchSteps
17:53:21,646  INFO main SearchSteps:loadMainPage:38 - Loading page
17:53:21,682  INFO main MailSteps:<init>:38 - Constructor MailSteps
17:53:30,446  INFO main MailSteps:loginAsCorrectUser:47 - Login correct
17:53:34,865  INFO main MailSteps:checkLetterSpam:56 - Move letter to spam
17:53:35,403  INFO main SearchSteps:<init>:32 - Constructor SearchSteps
17:53:37,579  INFO main SearchSteps:loadMainPage:38 - Loading page
17:53:37,604  INFO main MailSteps:<init>:38 - Constructor MailSteps
17:53:46,044  INFO main MailSteps:loginAsCorrectUser:47 - Login correct
17:53:47,417  INFO main MailSteps:writeNewLetter:62 - Write letter
17:53:52,407  INFO main MailSteps:inputDataForNewLetter:73 - Send letter
17:53:53,336  INFO main SearchSteps:<init>:32 - Constructor SearchSteps
17:53:56,189  INFO main SearchSteps:loadMainPage:38 - Loading page
17:53:56,221  INFO main MailSteps:<init>:38 - Constructor MailSteps
17:54:03,777  INFO main MailSteps:loginAsCorrectUser:47 - Login correct
17:54:05,244  INFO main MailSteps:checkLetter:81 - Mark three letter with flag
17:54:06,055  INFO main SearchSteps:<init>:32 - Constructor SearchSteps
17:54:08,361  INFO main SearchSteps:loadMainPage:38 - Loading page
17:54:08,382  INFO main MailSteps:<init>:38 - Constructor MailSteps
17:54:16,237  INFO main MailSteps:loginAsCorrectUser:47 - Login correct
17:54:21,719  INFO main SearchSteps:<init>:32 - Constructor SearchSteps
17:54:24,763  INFO main SearchSteps:loadMainPage:38 - Loading page
17:54:24,800  INFO main MailSteps:<init>:38 - Constructor MailSteps
17:54:33,810  INFO main MailSteps:loginAsCorrectUser:47 - Login correct
17:54:38,649  INFO main MailSteps:deleteLetter:98 - Delete message
17:54:38,869  INFO main SearchSteps:<init>:32 - Constructor SearchSteps
17:54:41,269  INFO main SearchSteps:loadMainPage:38 - Loading page
17:54:46,658  INFO main SearchSteps:performSearchByData:46 - Search perform
17:54:46,736  INFO main MailSteps:<init>:38 - Constructor MailSteps
17:54:46,851  INFO main SearchSteps:<init>:32 - Constructor SearchSteps
17:54:48,569  INFO main SearchSteps:loadMainPage:38 - Loading page
17:54:52,610  INFO main SearchSteps:followLinkMoyMirTest:58 - Follow link Moy Mir
17:54:53,216  INFO main MailSteps:<init>:38 - Constructor MailSteps
17:54:53,288  INFO main SearchSteps:<init>:32 - Constructor SearchSteps
17:54:55,326  INFO main SearchSteps:loadMainPage:38 - Loading page
17:55:02,394  INFO main SearchSteps:followLinkICQTest:70 - Follow link ICQ
17:55:02,534  INFO main MailSteps:<init>:38 - Constructor MailSteps
17:55:04,118  INFO main MailSteps:<init>:38 - Constructor MailSteps
17:55:04,335  INFO main MailSteps:<init>:38 - Constructor MailSteps
17:55:04,584  INFO main MailSteps:<init>:38 - Constructor MailSteps
17:55:04,787  INFO main MailSteps:<init>:38 - Constructor MailSteps
19:11:54,887  INFO main SearchSteps:<init>:32 - Constructor SearchSteps
19:11:59,935  INFO main SearchSteps:loadMainPage:38 - Loading page
19:12:00,182  INFO main MailSteps:<init>:38 - Constructor MailSteps
19:12:35,069  INFO main MailSteps:loginAsCorrectUser:47 - Login correct
19:12:35,562  INFO main SearchSteps:<init>:32 - Constructor SearchSteps
19:12:37,512  INFO main SearchSteps:loadMainPage:38 - Loading page
19:12:37,541  INFO main MailSteps:<init>:38 - Constructor MailSteps
19:12:47,338  INFO main MailSteps:loginAsCorrectUser:47 - Login correct
19:12:47,697  INFO main SearchSteps:<init>:32 - Constructor SearchSteps
19:12:49,420  INFO main SearchSteps:loadMainPage:38 - Loading page
19:12:49,453  INFO main MailSteps:<init>:38 - Constructor MailSteps
19:12:58,445  INFO main MailSteps:loginAsCorrectUser:47 - Login correct
19:13:01,372  INFO main MailSteps:checkLetterSpam:56 - Move letter to spam
19:13:02,182  INFO main SearchSteps:<init>:32 - Constructor SearchSteps
19:13:05,334  INFO main SearchSteps:loadMainPage:38 - Loading page
19:13:05,359  INFO main MailSteps:<init>:38 - Constructor MailSteps
19:13:12,868  INFO main MailSteps:loginAsCorrectUser:47 - Login correct
19:13:14,418  INFO main MailSteps:writeNewLetter:62 - Write letter
19:13:19,979  INFO main MailSteps:inputDataForNewLetter:73 - Send letter
19:13:21,086  INFO main SearchSteps:<init>:32 - Constructor SearchSteps
19:13:22,743  INFO main SearchSteps:loadMainPage:38 - Loading page
19:13:22,785  INFO main MailSteps:<init>:38 - Constructor MailSteps
19:13:29,840  INFO main MailSteps:loginAsCorrectUser:47 - Login correct
19:13:31,902  INFO main MailSteps:checkLetter:81 - Mark three letter with flag
19:13:33,012  INFO main SearchSteps:<init>:32 - Constructor SearchSteps
19:13:35,225  INFO main SearchSteps:loadMainPage:38 - Loading page
19:13:35,285  INFO main MailSteps:<init>:38 - Constructor MailSteps
19:13:42,345  INFO main MailSteps:loginAsCorrectUser:47 - Login correct
19:13:44,458  INFO main MailSteps:uncheckLetter:89 - Unchecked letters with flag
19:13:45,530  INFO main SearchSteps:<init>:32 - Constructor SearchSteps
19:13:47,425  INFO main SearchSteps:loadMainPage:38 - Loading page
19:13:47,462  INFO main MailSteps:<init>:38 - Constructor MailSteps
19:13:54,827  INFO main MailSteps:loginAsCorrectUser:47 - Login correct
19:13:56,934  INFO main SearchSteps:<init>:32 - Constructor SearchSteps
19:13:58,466  INFO main SearchSteps:loadMainPage:38 - Loading page
19:14:03,283  INFO main SearchSteps:performSearchByData:46 - Search perform
19:14:03,361  INFO main MailSteps:<init>:38 - Constructor MailSteps
19:14:03,455  INFO main SearchSteps:<init>:32 - Constructor SearchSteps
19:14:05,216  INFO main SearchSteps:loadMainPage:38 - Loading page
19:14:09,022  INFO main SearchSteps:followLinkMoyMirTest:58 - Follow link Moy Mir
19:14:09,291  INFO main MailSteps:<init>:38 - Constructor MailSteps
19:14:09,392  INFO main SearchSteps:<init>:32 - Constructor SearchSteps
19:14:11,010  INFO main SearchSteps:loadMainPage:38 - Loading page
19:14:16,582  INFO main SearchSteps:followLinkICQTest:70 - Follow link ICQ
19:14:16,751  INFO main MailSteps:<init>:38 - Constructor MailSteps
19:14:18,646  INFO main MailSteps:<init>:38 - Constructor MailSteps
19:14:18,881  INFO main MailSteps:<init>:38 - Constructor MailSteps
19:14:19,103  INFO main MailSteps:<init>:38 - Constructor MailSteps
19:14:19,302  INFO main MailSteps:<init>:38 - Constructor MailSteps
20:11:55,843  INFO main SearchSteps:<init>:32 - Constructor SearchSteps
20:11:59,908  INFO main SearchSteps:loadMainPage:38 - Loading page
20:11:59,955  INFO main MailSteps:<init>:38 - Constructor MailSteps
20:12:36,434  INFO main MailSteps:loginAsCorrectUser:47 - Login correct
20:12:37,323  INFO main SearchSteps:<init>:32 - Constructor SearchSteps
20:12:48,478  INFO main SearchSteps:loadMainPage:38 - Loading page
20:12:48,523  INFO main MailSteps:<init>:38 - Constructor MailSteps
20:13:02,372  INFO main MailSteps:loginAsCorrectUser:47 - Login correct
20:13:03,164  INFO main SearchSteps:<init>:32 - Constructor SearchSteps
20:13:06,255  INFO main SearchSteps:loadMainPage:38 - Loading page
20:13:06,291  INFO main MailSteps:<init>:38 - Constructor MailSteps
20:13:15,095  INFO main MailSteps:loginAsCorrectUser:47 - Login correct
20:13:17,545  INFO main MailSteps:checkLetterSpam:56 - Move letter to spam
20:13:18,244  INFO main SearchSteps:<init>:32 - Constructor SearchSteps
20:13:21,535  INFO main SearchSteps:loadMainPage:38 - Loading page
20:13:21,571  INFO main MailSteps:<init>:38 - Constructor MailSteps
20:13:30,092  INFO main MailSteps:loginAsCorrectUser:47 - Login correct
20:13:31,903  INFO main MailSteps:writeNewLetter:62 - Write letter
20:13:37,825  INFO main MailSteps:inputDataForNewLetter:73 - Send letter
20:13:39,052  INFO main SearchSteps:<init>:32 - Constructor SearchSteps
20:13:40,880  INFO main SearchSteps:loadMainPage:38 - Loading page
20:13:40,950  INFO main MailSteps:<init>:38 - Constructor MailSteps
20:13:48,704  INFO main MailSteps:loginAsCorrectUser:47 - Login correct
20:13:50,977  INFO main MailSteps:checkLetter:81 - Mark three letter with flag
20:13:52,379  INFO main SearchSteps:<init>:32 - Constructor SearchSteps
20:13:55,413  INFO main SearchSteps:loadMainPage:38 - Loading page
20:13:55,511  INFO main MailSteps:<init>:38 - Constructor MailSteps
20:14:03,716  INFO main MailSteps:loginAsCorrectUser:47 - Login correct
20:14:06,091  INFO main MailSteps:uncheckLetter:89 - Unchecked letters with flag
20:14:07,586  INFO main SearchSteps:<init>:32 - Constructor SearchSteps
20:14:10,500  INFO main SearchSteps:loadMainPage:38 - Loading page
20:14:10,546  INFO main MailSteps:<init>:38 - Constructor MailSteps
20:14:19,814  INFO main MailSteps:loginAsCorrectUser:47 - Login correct
20:14:23,543  INFO main MailSteps:deleteLetter:98 - Delete message
20:14:26,225  INFO main SearchSteps:<init>:32 - Constructor SearchSteps
20:14:29,176  INFO main SearchSteps:loadMainPage:38 - Loading page
20:14:36,156  INFO main SearchSteps:performSearchByData:46 - Search perform
20:14:36,226  INFO main MailSteps:<init>:38 - Constructor MailSteps
20:14:36,320  INFO main SearchSteps:<init>:32 - Constructor SearchSteps
20:14:38,045  INFO main SearchSteps:loadMainPage:38 - Loading page
20:14:42,136  INFO main SearchSteps:followLinkMoyMirTest:58 - Follow link Moy Mir
20:14:42,248  INFO main MailSteps:<init>:38 - Constructor MailSteps
20:14:43,086  INFO main SearchSteps:<init>:32 - Constructor SearchSteps
20:14:44,721  INFO main SearchSteps:loadMainPage:38 - Loading page
20:14:51,200  INFO main SearchSteps:followLinkICQTest:70 - Follow link ICQ
20:14:51,283  INFO main MailSteps:<init>:38 - Constructor MailSteps
20:14:53,328  INFO main MailSteps:<init>:38 - Constructor MailSteps
20:14:53,535  INFO main MailSteps:<init>:38 - Constructor MailSteps
20:14:53,739  INFO main MailSteps:<init>:38 - Constructor MailSteps
20:14:53,933  INFO main MailSteps:<init>:38 - Constructor MailSteps
20:29:29,023  INFO main SearchSteps:<init>:32 - Constructor SearchSteps
20:29:47,155  INFO main SearchSteps:loadMainPage:38 - Loading page
20:29:47,223  INFO main MailSteps:<init>:38 - Constructor MailSteps
20:30:27,145  INFO main MailSteps:loginAsCorrectUser:47 - Login correct
20:30:27,587  INFO main SearchSteps:<init>:32 - Constructor SearchSteps
20:30:30,376  INFO main SearchSteps:loadMainPage:38 - Loading page
20:30:30,418  INFO main MailSteps:<init>:38 - Constructor MailSteps
20:30:39,377  INFO main MailSteps:loginAsCorrectUser:47 - Login correct
20:30:39,653  INFO main SearchSteps:<init>:32 - Constructor SearchSteps
20:30:41,980  INFO main SearchSteps:loadMainPage:38 - Loading page
20:30:42,016  INFO main MailSteps:<init>:38 - Constructor MailSteps
20:30:43,686  INFO main MailSteps:loginAsCorrectUser:47 - Login correct
20:30:53,354  INFO main MailSteps:checkLetterSpam:56 - Move letter to spam
20:30:54,112  INFO main SearchSteps:<init>:32 - Constructor SearchSteps
20:30:55,845  INFO main SearchSteps:loadMainPage:38 - Loading page
20:30:55,914  INFO main MailSteps:<init>:38 - Constructor MailSteps
20:31:03,301  INFO main MailSteps:loginAsCorrectUser:47 - Login correct
20:31:04,522  INFO main MailSteps:writeNewLetter:62 - Write letter
20:31:09,326  INFO main MailSteps:inputDataForNewLetter:73 - Send letter
20:31:09,911  INFO main SearchSteps:<init>:32 - Constructor SearchSteps
20:31:13,156  INFO main SearchSteps:loadMainPage:38 - Loading page
20:31:13,259  INFO main MailSteps:<init>:38 - Constructor MailSteps
20:31:20,775  INFO main MailSteps:loginAsCorrectUser:47 - Login correct
20:31:23,044  INFO main SearchSteps:<init>:32 - Constructor SearchSteps
20:31:26,055  INFO main SearchSteps:loadMainPage:38 - Loading page
20:31:26,103  INFO main MailSteps:<init>:38 - Constructor MailSteps
20:31:34,041  INFO main MailSteps:loginAsCorrectUser:47 - Login correct
20:31:36,479  INFO main MailSteps:uncheckLetter:89 - Unchecked letters with flag
20:32:49,594  INFO main SearchSteps:<init>:32 - Constructor SearchSteps
20:32:52,476  INFO main SearchSteps:loadMainPage:38 - Loading page
20:32:52,515  INFO main MailSteps:<init>:38 - Constructor MailSteps
20:32:59,618  INFO main MailSteps:loginAsCorrectUser:47 - Login correct
20:33:04,676  INFO main MailSteps:deleteLetter:98 - Delete message
20:33:04,828  INFO main SearchSteps:<init>:32 - Constructor SearchSteps
20:33:07,228  INFO main SearchSteps:loadMainPage:38 - Loading page
20:33:12,542  INFO main SearchSteps:performSearchByData:46 - Search perform
20:33:12,619  INFO main MailSteps:<init>:38 - Constructor MailSteps
20:33:12,782  INFO main SearchSteps:<init>:32 - Constructor SearchSteps
20:33:14,823  INFO main SearchSteps:loadMainPage:38 - Loading page
20:33:18,533  INFO main SearchSteps:followLinkMoyMirTest:58 - Follow link Moy Mir
20:33:19,308  INFO main MailSteps:<init>:38 - Constructor MailSteps
20:33:19,411  INFO main SearchSteps:<init>:32 - Constructor SearchSteps
20:33:20,753  INFO main SearchSteps:loadMainPage:38 - Loading page
20:33:26,362  INFO main SearchSteps:followLinkICQTest:70 - Follow link ICQ
20:33:26,456  INFO main MailSteps:<init>:38 - Constructor MailSteps
20:33:28,369  INFO main MailSteps:<init>:38 - Constructor MailSteps
20:33:28,553  INFO main MailSteps:<init>:38 - Constructor MailSteps
20:33:28,786  INFO main MailSteps:<init>:38 - Constructor MailSteps
20:33:29,005  INFO main MailSteps:<init>:38 - Constructor MailSteps
20:51:24,799  INFO main SearchSteps:<init>:32 - Constructor SearchSteps
20:51:29,570  INFO main SearchSteps:loadMainPage:38 - Loading page
20:51:29,759  INFO main MailSteps:<init>:38 - Constructor MailSteps
20:52:08,147  INFO main MailSteps:loginAsCorrectUser:47 - Login correct
20:52:21,212  INFO main SearchSteps:<init>:32 - Constructor SearchSteps
20:52:32,868  INFO main SearchSteps:loadMainPage:38 - Loading page
20:52:33,695  INFO main MailSteps:<init>:38 - Constructor MailSteps
20:52:33,922  INFO main SearchSteps:<init>:32 - Constructor SearchSteps
20:52:36,611  INFO main SearchSteps:loadMainPage:38 - Loading page
20:52:36,657  INFO main MailSteps:<init>:38 - Constructor MailSteps
20:52:47,520  INFO main MailSteps:loginAsCorrectUser:47 - Login correct
20:52:51,755  INFO main MailSteps:checkLetterSpam:56 - Move letter to spam
20:52:52,107  INFO main SearchSteps:<init>:32 - Constructor SearchSteps
20:52:54,427  INFO main SearchSteps:loadMainPage:38 - Loading page
20:52:54,490  INFO main MailSteps:<init>:38 - Constructor MailSteps
20:53:03,017  INFO main MailSteps:loginAsCorrectUser:47 - Login correct
20:53:05,776  INFO main MailSteps:writeNewLetter:62 - Write letter
20:53:11,932  INFO main MailSteps:inputDataForNewLetter:73 - Send letter
20:53:13,325  INFO main SearchSteps:<init>:32 - Constructor SearchSteps
20:53:15,945  INFO main SearchSteps:loadMainPage:38 - Loading page
20:53:15,994  INFO main MailSteps:<init>:38 - Constructor MailSteps
20:53:24,856  INFO main MailSteps:loginAsCorrectUser:47 - Login correct
20:53:27,568  INFO main MailSteps:checkLetter:81 - Mark three letter with flag
20:53:29,447  INFO main SearchSteps:<init>:32 - Constructor SearchSteps
20:53:34,354  INFO main SearchSteps:loadMainPage:38 - Loading page
20:53:34,395  INFO main MailSteps:<init>:38 - Constructor MailSteps
20:53:43,939  INFO main MailSteps:loginAsCorrectUser:47 - Login correct
20:53:46,477  INFO main MailSteps:uncheckLetter:89 - Unchecked letters with flag
20:53:48,284  INFO main SearchSteps:<init>:32 - Constructor SearchSteps
20:53:50,503  INFO main SearchSteps:loadMainPage:38 - Loading page
20:53:50,528  INFO main MailSteps:<init>:38 - Constructor MailSteps
20:53:59,836  INFO main MailSteps:loginAsCorrectUser:47 - Login correct
20:54:04,898  INFO main MailSteps:deleteLetter:98 - Delete message
20:54:05,188  INFO main SearchSteps:<init>:32 - Constructor SearchSteps
20:54:07,282  INFO main SearchSteps:loadMainPage:38 - Loading page
20:54:13,685  INFO main SearchSteps:performSearchByData:46 - Search perform
20:54:13,778  INFO main MailSteps:<init>:38 - Constructor MailSteps
20:54:13,851  INFO main SearchSteps:<init>:32 - Constructor SearchSteps
20:54:23,028  INFO main SearchSteps:loadMainPage:38 - Loading page
20:54:37,565  INFO main SearchSteps:followLinkMoyMirTest:58 - Follow link Moy Mir
20:54:37,674  INFO main MailSteps:<init>:38 - Constructor MailSteps
20:54:37,960  INFO main SearchSteps:<init>:32 - Constructor SearchSteps
20:54:40,053  INFO main SearchSteps:loadMainPage:38 - Loading page
20:54:45,962  INFO main SearchSteps:followLinkICQTest:70 - Follow link ICQ
20:54:46,066  INFO main MailSteps:<init>:38 - Constructor MailSteps
20:54:48,777  INFO main MailSteps:<init>:38 - Constructor MailSteps
20:54:49,007  INFO main MailSteps:<init>:38 - Constructor MailSteps
20:54:49,430  INFO main MailSteps:<init>:38 - Constructor MailSteps
20:54:49,687  INFO main MailSteps:<init>:38 - Constructor MailSteps
21:08:38,442  INFO main SearchSteps:<init>:32 - Constructor SearchSteps
21:08:41,607  INFO main SearchSteps:loadMainPage:38 - Loading page
21:08:41,753  INFO main MailSteps:<init>:38 - Constructor MailSteps
21:08:58,683  INFO main MailSteps:loginAsCorrectUser:47 - Login correct
21:08:58,983  INFO main SearchSteps:<init>:32 - Constructor SearchSteps
21:09:01,595  INFO main SearchSteps:loadMainPage:38 - Loading page
21:09:01,633  INFO main MailSteps:<init>:38 - Constructor MailSteps
21:09:09,674  INFO main MailSteps:loginAsCorrectUser:47 - Login correct
21:09:09,897  INFO main SearchSteps:<init>:32 - Constructor SearchSteps
21:09:11,880  INFO main SearchSteps:loadMainPage:38 - Loading page
21:09:11,909  INFO main MailSteps:<init>:38 - Constructor MailSteps
21:09:19,530  INFO main MailSteps:loginAsCorrectUser:47 - Login correct
21:09:25,272  INFO main MailSteps:checkLetterSpam:56 - Move letter to spam
21:09:25,985  INFO main SearchSteps:<init>:32 - Constructor SearchSteps
21:09:28,629  INFO main SearchSteps:loadMainPage:38 - Loading page
21:09:28,653  INFO main MailSteps:<init>:38 - Constructor MailSteps
21:09:37,146  INFO main MailSteps:loginAsCorrectUser:47 - Login correct
21:09:38,429  INFO main MailSteps:writeNewLetter:62 - Write letter
21:09:43,303  INFO main MailSteps:inputDataForNewLetter:73 - Send letter
21:09:44,148  INFO main SearchSteps:<init>:32 - Constructor SearchSteps
21:09:46,487  INFO main SearchSteps:loadMainPage:38 - Loading page
21:09:46,516  INFO main MailSteps:<init>:38 - Constructor MailSteps
21:09:53,171  INFO main MailSteps:loginAsCorrectUser:47 - Login correct
21:09:54,446  INFO main MailSteps:checkLetter:81 - Mark three letter with flag
21:09:54,701  INFO main SearchSteps:<init>:32 - Constructor SearchSteps
21:09:57,752  INFO main SearchSteps:loadMainPage:38 - Loading page
21:09:57,805  INFO main MailSteps:<init>:38 - Constructor MailSteps
21:10:04,416  INFO main MailSteps:loginAsCorrectUser:47 - Login correct
21:10:06,929  INFO main SearchSteps:<init>:32 - Constructor SearchSteps
21:10:08,850  INFO main SearchSteps:loadMainPage:38 - Loading page
21:10:08,885  INFO main MailSteps:<init>:38 - Constructor MailSteps
21:10:16,622  INFO main MailSteps:loginAsCorrectUser:47 - Login correct
21:11:17,476  INFO main SearchSteps:<init>:32 - Constructor SearchSteps
21:11:20,674  INFO main SearchSteps:loadMainPage:38 - Loading page
21:11:25,302  INFO main SearchSteps:performSearchByData:46 - Search perform
21:11:25,375  INFO main MailSteps:<init>:38 - Constructor MailSteps
21:11:25,582  INFO main SearchSteps:<init>:32 - Constructor SearchSteps
21:11:27,085  INFO main SearchSteps:loadMainPage:38 - Loading page
21:11:31,175  INFO main SearchSteps:followLinkMoyMirTest:58 - Follow link Moy Mir
21:11:31,265  INFO main MailSteps:<init>:38 - Constructor MailSteps
21:11:31,349  INFO main SearchSteps:<init>:32 - Constructor SearchSteps
21:11:34,403  INFO main SearchSteps:loadMainPage:38 - Loading page
21:11:39,747  INFO main SearchSteps:followLinkICQTest:70 - Follow link ICQ
21:11:39,888  INFO main MailSteps:<init>:38 - Constructor MailSteps
21:11:40,901  INFO main MailSteps:<init>:38 - Constructor MailSteps
21:11:41,109  INFO main MailSteps:<init>:38 - Constructor MailSteps
21:11:41,359  INFO main MailSteps:<init>:38 - Constructor MailSteps
21:11:41,596  INFO main MailSteps:<init>:38 - Constructor MailSteps
21:33:10,829  INFO main SearchSteps:<init>:32 - Constructor SearchSteps
21:33:18,207  INFO main SearchSteps:loadMainPage:38 - Loading page
21:33:18,325  INFO main MailSteps:<init>:38 - Constructor MailSteps
21:34:03,784  INFO main MailSteps:loginAsCorrectUser:47 - Login correct
21:34:32,293  INFO main SearchSteps:<init>:32 - Constructor SearchSteps
21:34:40,329  INFO main SearchSteps:loadMainPage:38 - Loading page
21:34:40,368  INFO main MailSteps:<init>:38 - Constructor MailSteps
21:34:42,216  INFO main MailSteps:loginAsCorrectUser:47 - Login correct
21:34:50,772  INFO main SearchSteps:<init>:32 - Constructor SearchSteps
21:34:54,550  INFO main SearchSteps:loadMainPage:38 - Loading page
21:34:54,588  INFO main MailSteps:<init>:38 - Constructor MailSteps
21:35:03,631  INFO main MailSteps:loginAsCorrectUser:47 - Login correct
21:35:08,368  INFO main MailSteps:checkLetterSpam:56 - Move letter to spam
21:35:09,042  INFO main SearchSteps:<init>:32 - Constructor SearchSteps
21:35:12,239  INFO main SearchSteps:loadMainPage:38 - Loading page
21:35:12,287  INFO main MailSteps:<init>:38 - Constructor MailSteps
21:35:21,255  INFO main MailSteps:loginAsCorrectUser:47 - Login correct
21:35:22,972  INFO main MailSteps:writeNewLetter:62 - Write letter
21:35:30,244  INFO main MailSteps:inputDataForNewLetter:73 - Send letter
21:35:31,223  INFO main SearchSteps:<init>:32 - Constructor SearchSteps
21:35:33,383  INFO main SearchSteps:loadMainPage:38 - Loading page
21:35:33,468  INFO main MailSteps:<init>:38 - Constructor MailSteps
21:35:42,242  INFO main MailSteps:loginAsCorrectUser:47 - Login correct
21:35:44,738  INFO main MailSteps:checkLetter:81 - Mark three letter with flag
21:35:46,221  INFO main SearchSteps:<init>:32 - Constructor SearchSteps
21:35:50,249  INFO main SearchSteps:loadMainPage:38 - Loading page
21:35:50,303  INFO main MailSteps:<init>:38 - Constructor MailSteps
21:35:58,834  INFO main MailSteps:loginAsCorrectUser:47 - Login correct
21:36:00,501  INFO main MailSteps:uncheckLetter:89 - Unchecked letters with flag
21:36:03,736  INFO main SearchSteps:<init>:32 - Constructor SearchSteps
21:36:06,407  INFO main SearchSteps:loadMainPage:38 - Loading page
21:36:06,439  INFO main MailSteps:<init>:38 - Constructor MailSteps
21:36:16,222  INFO main MailSteps:loginAsCorrectUser:47 - Login correct
21:36:21,429  INFO main MailSteps:deleteLetter:98 - Delete message
21:36:21,758  INFO main SearchSteps:<init>:32 - Constructor SearchSteps
21:36:23,731  INFO main SearchSteps:loadMainPage:38 - Loading page
21:36:56,810  INFO main SearchSteps:performSearchByData:46 - Search perform
21:36:56,880  INFO main MailSteps:<init>:38 - Constructor MailSteps
21:36:56,956  INFO main SearchSteps:<init>:32 - Constructor SearchSteps
21:37:00,282  INFO main SearchSteps:loadMainPage:38 - Loading page
21:37:08,954  INFO main SearchSteps:followLinkMoyMirTest:58 - Follow link Moy Mir
21:37:09,049  INFO main MailSteps:<init>:38 - Constructor MailSteps
21:37:09,121  INFO main SearchSteps:<init>:32 - Constructor SearchSteps
21:37:12,238  INFO main SearchSteps:loadMainPage:38 - Loading page
21:37:17,132  INFO main SearchSteps:followLinkICQTest:70 - Follow link ICQ
21:37:17,217  INFO main MailSteps:<init>:38 - Constructor MailSteps
21:37:19,320  INFO main MailSteps:<init>:38 - Constructor MailSteps
21:37:19,549  INFO main MailSteps:<init>:38 - Constructor MailSteps
21:37:19,738  INFO main MailSteps:<init>:38 - Constructor MailSteps
21:37:19,926  INFO main MailSteps:<init>:38 - Constructor MailSteps
22:47:38,226  INFO main SearchSteps:<init>:32 - Constructor SearchSteps
22:47:43,534  INFO main SearchSteps:loadMainPage:38 - Loading page
22:47:43,814  INFO main MailSteps:<init>:38 - Constructor MailSteps
22:48:18,515  INFO main MailSteps:loginAsCorrectUser:47 - Login correct
22:48:19,024  INFO main SearchSteps:<init>:32 - Constructor SearchSteps
22:48:26,677  INFO main SearchSteps:loadMainPage:38 - Loading page
22:48:26,714  INFO main MailSteps:<init>:38 - Constructor MailSteps
22:48:28,183  INFO main MailSteps:loginAsCorrectUser:47 - Login correct
22:48:37,367  INFO main SearchSteps:<init>:32 - Constructor SearchSteps
22:48:45,873  INFO main SearchSteps:loadMainPage:38 - Loading page
22:48:45,910  INFO main MailSteps:<init>:38 - Constructor MailSteps
22:48:47,415  INFO main MailSteps:loginAsCorrectUser:47 - Login correct
22:50:09,899  INFO main SearchSteps:<init>:32 - Constructor SearchSteps
22:50:24,024  INFO main MailSteps:<init>:38 - Constructor MailSteps
22:50:38,109  INFO main SearchSteps:<init>:32 - Constructor SearchSteps
22:50:52,292  INFO main MailSteps:<init>:38 - Constructor MailSteps
22:51:06,401  INFO main SearchSteps:<init>:32 - Constructor SearchSteps
22:51:20,491  INFO main MailSteps:<init>:38 - Constructor MailSteps
22:51:36,598  INFO main SearchSteps:<init>:32 - Constructor SearchSteps
22:51:52,700  INFO main MailSteps:<init>:38 - Constructor MailSteps
22:52:08,771  INFO main SearchSteps:<init>:32 - Constructor SearchSteps
22:52:20,837  INFO main MailSteps:<init>:38 - Constructor MailSteps
22:52:36,919  INFO main SearchSteps:<init>:32 - Constructor SearchSteps
22:52:52,965  INFO main MailSteps:<init>:38 - Constructor MailSteps
22:53:09,040  INFO main SearchSteps:<init>:32 - Constructor SearchSteps
22:53:25,142  INFO main MailSteps:<init>:38 - Constructor MailSteps
22:53:41,892  INFO main MailSteps:<init>:38 - Constructor MailSteps
22:53:58,156  INFO main MailSteps:<init>:38 - Constructor MailSteps
22:54:14,455  INFO main MailSteps:<init>:38 - Constructor MailSteps
22:54:30,716  INFO main MailSteps:<init>:38 - Constructor MailSteps
23:13:13,615  INFO main SearchSteps:<init>:32 - Constructor SearchSteps
23:13:26,497  INFO main SearchSteps:loadMainPage:38 - Loading page
23:13:27,197  INFO main MailSteps:<init>:38 - Constructor MailSteps
23:14:18,856  INFO main MailSteps:loginAsCorrectUser:47 - Login correct
23:14:19,516  INFO main SearchSteps:<init>:32 - Constructor SearchSteps
23:14:24,108  INFO main SearchSteps:loadMainPage:38 - Loading page
23:14:24,155  INFO main MailSteps:<init>:38 - Constructor MailSteps
23:14:32,712  INFO main MailSteps:loginAsCorrectUser:47 - Login correct
23:14:33,139  INFO main SearchSteps:<init>:32 - Constructor SearchSteps
23:14:35,650  INFO main SearchSteps:loadMainPage:38 - Loading page
23:14:35,689  INFO main MailSteps:<init>:38 - Constructor MailSteps
23:14:44,292  INFO main MailSteps:loginAsCorrectUser:47 - Login correct
23:14:48,425  INFO main MailSteps:checkLetterSpam:56 - Move letter to spam
23:14:49,191  INFO main SearchSteps:<init>:32 - Constructor SearchSteps
23:14:54,348  INFO main SearchSteps:loadMainPage:38 - Loading page
23:14:54,412  INFO main MailSteps:<init>:38 - Constructor MailSteps
23:15:02,138  INFO main MailSteps:loginAsCorrectUser:47 - Login correct
23:15:04,901  INFO main MailSteps:writeNewLetter:62 - Write letter
23:15:13,239  INFO main MailSteps:inputDataForNewLetter:73 - Send letter
23:15:14,941  INFO main SearchSteps:<init>:32 - Constructor SearchSteps
23:15:16,885  INFO main SearchSteps:loadMainPage:38 - Loading page
23:15:16,965  INFO main MailSteps:<init>:38 - Constructor MailSteps
23:15:26,692  INFO main MailSteps:loginAsCorrectUser:47 - Login correct
23:15:28,951  INFO main MailSteps:checkLetter:81 - Mark three letter with flag
23:15:30,508  INFO main SearchSteps:<init>:32 - Constructor SearchSteps
23:15:33,610  INFO main SearchSteps:loadMainPage:38 - Loading page
23:15:33,647  INFO main MailSteps:<init>:38 - Constructor MailSteps
23:15:42,208  INFO main MailSteps:loginAsCorrectUser:47 - Login correct
23:15:44,391  INFO main MailSteps:uncheckLetter:89 - Unchecked letters with flag
23:15:46,016  INFO main SearchSteps:<init>:32 - Constructor SearchSteps
23:15:48,000  INFO main SearchSteps:loadMainPage:38 - Loading page
23:15:48,044  INFO main MailSteps:<init>:38 - Constructor MailSteps
23:15:56,229  INFO main MailSteps:loginAsCorrectUser:47 - Login correct
23:15:58,593  INFO main SearchSteps:<init>:32 - Constructor SearchSteps
23:16:01,789  INFO main SearchSteps:loadMainPage:38 - Loading page
23:16:07,035  INFO main SearchSteps:performSearchByData:46 - Search perform
23:16:07,153  INFO main MailSteps:<init>:38 - Constructor MailSteps
23:16:07,241  INFO main SearchSteps:<init>:32 - Constructor SearchSteps
23:16:08,783  INFO main SearchSteps:loadMainPage:38 - Loading page
23:16:12,488  INFO main SearchSteps:followLinkMoyMirTest:58 - Follow link Moy Mir
23:16:12,849  INFO main MailSteps:<init>:38 - Constructor MailSteps
23:16:13,240  INFO main SearchSteps:<init>:32 - Constructor SearchSteps
23:16:18,133  INFO main SearchSteps:loadMainPage:38 - Loading page
23:16:23,672  INFO main SearchSteps:followLinkICQTest:70 - Follow link ICQ
23:16:23,761  INFO main MailSteps:<init>:38 - Constructor MailSteps
23:16:27,951  INFO main MailSteps:<init>:38 - Constructor MailSteps
23:16:28,359  INFO main MailSteps:<init>:38 - Constructor MailSteps
23:16:29,146  INFO main MailSteps:<init>:38 - Constructor MailSteps
23:16:29,541  INFO main MailSteps:<init>:38 - Constructor MailSteps
23:27:21,992  INFO main SearchSteps:<init>:32 - Constructor SearchSteps
23:27:24,755  INFO main SearchSteps:loadMainPage:38 - Loading page
23:27:24,888  INFO main MailSteps:<init>:38 - Constructor MailSteps
23:27:47,393  INFO main MailSteps:loginAsCorrectUser:47 - Login correct
23:27:47,689  INFO main SearchSteps:<init>:32 - Constructor SearchSteps
23:28:03,525  INFO main SearchSteps:loadMainPage:38 - Loading page
23:28:03,624  INFO main MailSteps:<init>:38 - Constructor MailSteps
23:28:12,425  INFO main MailSteps:loginAsCorrectUser:47 - Login correct
23:28:12,694  INFO main SearchSteps:<init>:32 - Constructor SearchSteps
23:28:14,371  INFO main SearchSteps:loadMainPage:38 - Loading page
23:28:14,418  INFO main MailSteps:<init>:38 - Constructor MailSteps
23:28:21,070  INFO main MailSteps:loginAsCorrectUser:47 - Login correct
23:28:24,771  INFO main MailSteps:checkLetterSpam:56 - Move letter to spam
23:28:25,140  INFO main SearchSteps:<init>:32 - Constructor SearchSteps
23:28:26,744  INFO main SearchSteps:loadMainPage:38 - Loading page
23:28:26,778  INFO main MailSteps:<init>:38 - Constructor MailSteps
23:28:33,653  INFO main MailSteps:loginAsCorrectUser:47 - Login correct
23:28:35,532  INFO main MailSteps:writeNewLetter:62 - Write letter
23:28:40,335  INFO main MailSteps:inputDataForNewLetter:73 - Send letter
23:28:41,547  INFO main SearchSteps:<init>:32 - Constructor SearchSteps
23:28:43,194  INFO main SearchSteps:loadMainPage:38 - Loading page
23:28:43,246  INFO main MailSteps:<init>:38 - Constructor MailSteps
23:28:49,962  INFO main MailSteps:loginAsCorrectUser:47 - Login correct
23:28:52,480  INFO main MailSteps:checkLetter:81 - Mark three letter with flag
23:28:53,530  INFO main SearchSteps:<init>:32 - Constructor SearchSteps
23:28:55,317  INFO main SearchSteps:loadMainPage:38 - Loading page
23:28:55,354  INFO main MailSteps:<init>:38 - Constructor MailSteps
23:29:03,267  INFO main MailSteps:loginAsCorrectUser:47 - Login correct
23:29:05,213  INFO main SearchSteps:<init>:32 - Constructor SearchSteps
23:29:07,220  INFO main SearchSteps:loadMainPage:38 - Loading page
23:29:07,245  INFO main MailSteps:<init>:38 - Constructor MailSteps
23:29:14,006  INFO main MailSteps:loginAsCorrectUser:47 - Login correct
23:29:18,034  INFO main MailSteps:deleteLetter:98 - Delete message
23:29:18,787  INFO main SearchSteps:<init>:32 - Constructor SearchSteps
23:29:22,352  INFO main SearchSteps:loadMainPage:38 - Loading page
23:29:30,962  INFO main SearchSteps:performSearchByData:46 - Search perform
23:29:31,184  INFO main MailSteps:<init>:38 - Constructor MailSteps
23:29:31,393  INFO main SearchSteps:<init>:32 - Constructor SearchSteps
23:29:33,608  INFO main SearchSteps:loadMainPage:38 - Loading page
23:29:37,853  INFO main SearchSteps:followLinkMoyMirTest:58 - Follow link Moy Mir
23:29:38,378  INFO main MailSteps:<init>:38 - Constructor MailSteps
23:29:39,548  INFO main SearchSteps:<init>:32 - Constructor SearchSteps
23:29:41,431  INFO main SearchSteps:loadMainPage:38 - Loading page
23:29:46,962  INFO main SearchSteps:followLinkICQTest:70 - Follow link ICQ
23:29:47,044  INFO main MailSteps:<init>:38 - Constructor MailSteps
23:29:48,170  INFO main MailSteps:<init>:38 - Constructor MailSteps
23:29:48,358  INFO main MailSteps:<init>:38 - Constructor MailSteps
23:29:48,585  INFO main MailSteps:<init>:38 - Constructor MailSteps
23:29:48,761  INFO main MailSteps:<init>:38 - Constructor MailSteps
